I, [2023-11-14T01:39:54.719632 #22250]  INFO -- : [8680c787-101e-4d6e-8797-94636ef1430c] Started GET "/coins" for 10.0.2.2 at 2023-11-14 01:39:54 +0000
I, [2023-11-14T01:39:54.720797 #22250]  INFO -- : [8680c787-101e-4d6e-8797-94636ef1430c] Processing by CoinsController#index as HTML
I, [2023-11-14T01:39:54.751556 #22250]  INFO -- : [8680c787-101e-4d6e-8797-94636ef1430c]   Rendering coins/index.html.erb within layouts/application
D, [2023-11-14T01:39:54.756822 #22250] DEBUG -- : [8680c787-101e-4d6e-8797-94636ef1430c]   [1m[36mCoin Load (0.4ms)[0m  [1m[34mSELECT "coins".* FROM "coins"[0m
I, [2023-11-14T01:39:54.760645 #22250]  INFO -- : [8680c787-101e-4d6e-8797-94636ef1430c]   Rendered coins/index.html.erb within layouts/application (8.8ms)
I, [2023-11-14T01:39:54.761137 #22250]  INFO -- : [8680c787-101e-4d6e-8797-94636ef1430c] Completed 500 Internal Server Error in 40ms (ActiveRecord: 0.9ms)
F, [2023-11-14T01:39:54.762014 #22250] FATAL -- : [8680c787-101e-4d6e-8797-94636ef1430c]   
F, [2023-11-14T01:39:54.762152 #22250] FATAL -- : [8680c787-101e-4d6e-8797-94636ef1430c] ActionView::Template::Error (SQLite3::SQLException: no such table: coins: SELECT "coins".* FROM "coins"):
F, [2023-11-14T01:39:54.762337 #22250] FATAL -- : [8680c787-101e-4d6e-8797-94636ef1430c]     13:   </thead>
[8680c787-101e-4d6e-8797-94636ef1430c]     14: 
[8680c787-101e-4d6e-8797-94636ef1430c]     15:   <tbody>
[8680c787-101e-4d6e-8797-94636ef1430c]     16:     <% @coins.each do |coin| %>
[8680c787-101e-4d6e-8797-94636ef1430c]     17:       <tr>
[8680c787-101e-4d6e-8797-94636ef1430c]     18:         <td><%= coin.description %></td>
[8680c787-101e-4d6e-8797-94636ef1430c]     19:         <td><%= coin.acronym %></td>
F, [2023-11-14T01:39:54.762433 #22250] FATAL -- : [8680c787-101e-4d6e-8797-94636ef1430c]   
F, [2023-11-14T01:39:54.762526 #22250] FATAL -- : [8680c787-101e-4d6e-8797-94636ef1430c] app/views/coins/index.html.erb:16:in `_app_views_coins_index_html_erb___4041638218396151418_14380'
I, [2023-11-14T01:40:42.743021 #22264]  INFO -- : [ee75feca-23e8-4a59-9619-9493062cba39] Started GET "/coins" for 10.0.2.2 at 2023-11-14 01:40:42 +0000
I, [2023-11-14T01:40:42.744059 #22264]  INFO -- : [ee75feca-23e8-4a59-9619-9493062cba39] Processing by CoinsController#index as HTML
I, [2023-11-14T01:40:42.764143 #22264]  INFO -- : [ee75feca-23e8-4a59-9619-9493062cba39]   Rendering coins/index.html.erb within layouts/application
D, [2023-11-14T01:40:42.769260 #22264] DEBUG -- : [ee75feca-23e8-4a59-9619-9493062cba39]   [1m[36mCoin Load (0.5ms)[0m  [1m[34mSELECT "coins".* FROM "coins"[0m
I, [2023-11-14T01:40:42.772864 #22264]  INFO -- : [ee75feca-23e8-4a59-9619-9493062cba39]   Rendered coins/index.html.erb within layouts/application (8.5ms)
I, [2023-11-14T01:40:42.773259 #22264]  INFO -- : [ee75feca-23e8-4a59-9619-9493062cba39] Completed 500 Internal Server Error in 29ms (ActiveRecord: 1.0ms)
F, [2023-11-14T01:40:42.774148 #22264] FATAL -- : [ee75feca-23e8-4a59-9619-9493062cba39]   
F, [2023-11-14T01:40:42.774288 #22264] FATAL -- : [ee75feca-23e8-4a59-9619-9493062cba39] ActionView::Template::Error (SQLite3::SQLException: no such table: coins: SELECT "coins".* FROM "coins"):
F, [2023-11-14T01:40:42.774516 #22264] FATAL -- : [ee75feca-23e8-4a59-9619-9493062cba39]     13:   </thead>
[ee75feca-23e8-4a59-9619-9493062cba39]     14: 
[ee75feca-23e8-4a59-9619-9493062cba39]     15:   <tbody>
[ee75feca-23e8-4a59-9619-9493062cba39]     16:     <% @coins.each do |coin| %>
[ee75feca-23e8-4a59-9619-9493062cba39]     17:       <tr>
[ee75feca-23e8-4a59-9619-9493062cba39]     18:         <td><%= coin.description %></td>
[ee75feca-23e8-4a59-9619-9493062cba39]     19:         <td><%= coin.acronym %></td>
F, [2023-11-14T01:40:42.774620 #22264] FATAL -- : [ee75feca-23e8-4a59-9619-9493062cba39]   
F, [2023-11-14T01:40:42.774745 #22264] FATAL -- : [ee75feca-23e8-4a59-9619-9493062cba39] app/views/coins/index.html.erb:16:in `_app_views_coins_index_html_erb__3227379573247141112_14380'
